app/build/intermediates/manifest_merge_blame_file/debug/manifest-merger-blame-debug-report.txt
1<?xml version="1.0" encoding="utf-8"?>
2<manifest xmlns:android="http://schemas.android.com/apk/res/android"
3    package="com.example.tripplanner"
4    android:versionCode="1"
5    android:versionName="1.0" >
6
7    <uses-sdk
8        android:minSdkVersion="23"
8-->src\main\AndroidManifest.xml
9        android:targetSdkVersion="32" />
9-->src\main\AndroidManifest.xml
10
11    <uses-permission android:name="android.permission.INTERNET" />
11-->src\main\AndroidManifest.xml:5:5-67
11-->src\main\AndroidManifest.xml:5:22-64
12    <uses-permission android:name="android.permission.ACCESS_COARSE_LOCATION" />
12-->src\main\AndroidManifest.xml:6:5-81
12-->src\main\AndroidManifest.xml:6:22-78
13    <uses-permission android:name="android.permission.ACCESS_FINE_LOCATION" />
13-->src\main\AndroidManifest.xml:7:5-79
13-->src\main\AndroidManifest.xml:7:22-76
14    <uses-permission android:name="android.permission.ACCESS_BACKGROUND_LOCATION" />
14-->src\main\AndroidManifest.xml:8:5-85
14-->src\main\AndroidManifest.xml:8:22-82
15    <!-- Include required permissions for Google Maps API to run. -->
16    <uses-permission android:name="android.permission.ACCESS_NETWORK_STATE" />
16-->[com.google.android.gms:play-services-maps:17.0.0] AndroidManifest.xml:23:5-79
16-->[com.google.android.gms:play-services-maps:17.0.0] AndroidManifest.xml:23:22-76
17
18    <uses-feature
18-->[com.google.android.gms:play-services-maps:17.0.0] AndroidManifest.xml:26:5-28:35
19        android:glEsVersion="0x00020000"
19-->[com.google.android.gms:play-services-maps:17.0.0] AndroidManifest.xml:27:9-41
20        android:required="true" />
20-->[com.google.android.gms:play-services-maps:17.0.0] AndroidManifest.xml:28:9-32
21
22    <application
22-->src\main\AndroidManifest.xml:10:5-42:19
23        android:allowBackup="true"
23-->src\main\AndroidManifest.xml:11:9-35
24        android:appComponentFactory="androidx.core.app.CoreComponentFactory"
24-->[androidx.core:core:1.7.0] AndroidManifest.xml:24:18-86
25        android:debuggable="true"
26        android:extractNativeLibs="false"
27        android:icon="@mipmap/ic_launcher"
27-->src\main\AndroidManifest.xml:12:9-43
28        android:label="@string/app_name"
28-->src\main\AndroidManifest.xml:13:9-41
29        android:roundIcon="@mipmap/ic_launcher_round"
29-->src\main\AndroidManifest.xml:14:9-54
30        android:supportsRtl="true"
30-->src\main\AndroidManifest.xml:15:9-35
31        android:theme="@style/Theme.Tripplanner"
31-->src\main\AndroidManifest.xml:16:9-49
32        android:usesCleartextTraffic="true" >
32-->src\main\AndroidManifest.xml:17:9-44
33        <activity
33-->src\main\AndroidManifest.xml:18:9-20:39
34            android:name="com.example.tripplanner.Activities.event_details_activity"
34-->src\main\AndroidManifest.xml:19:13-62
35            android:exported="true" />
35-->src\main\AndroidManifest.xml:20:13-36
36        <activity
36-->src\main\AndroidManifest.xml:21:9-23:40
37            android:name="com.example.tripplanner.Activities.calendar_planner_activity"
37-->src\main\AndroidManifest.xml:22:13-65
38            android:exported="false" />
38-->src\main\AndroidManifest.xml:23:13-37
39        <activity
39-->src\main\AndroidManifest.xml:24:9-26:39
40            android:name="com.example.tripplanner.Activities.roadworks_details"
40-->src\main\AndroidManifest.xml:25:13-57
41            android:exported="true" />
41-->src\main\AndroidManifest.xml:26:13-36
42        <activity android:name="com.example.tripplanner.Activities.location_activity" />
42-->src\main\AndroidManifest.xml:27:9-66
42-->src\main\AndroidManifest.xml:27:19-63
43        <activity
43-->src\main\AndroidManifest.xml:28:9-37:20
44            android:name="com.example.tripplanner.Activities.MainActivity"
44-->src\main\AndroidManifest.xml:29:13-52
45            android:configChanges="orientation|screenSize"
45-->src\main\AndroidManifest.xml:30:13-59
46            android:exported="true" >
46-->src\main\AndroidManifest.xml:31:13-36
47            <intent-filter>
47-->src\main\AndroidManifest.xml:32:13-36:29
48                <action android:name="android.intent.action.MAIN" />
48-->src\main\AndroidManifest.xml:33:17-69
48-->src\main\AndroidManifest.xml:33:25-66
49
50                <category android:name="android.intent.category.LAUNCHER" />
50-->src\main\AndroidManifest.xml:35:17-77
50-->src\main\AndroidManifest.xml:35:27-74
51            </intent-filter>
52        </activity>
53
54        <meta-data
54-->src\main\AndroidManifest.xml:39:9-41:71
55            android:name="com.google.android.maps.v2.API_KEY"
55-->src\main\AndroidManifest.xml:40:13-62
56            android:value="AIzaSyDEgkSKY0KAmMKqyCXTiOIIRHjocNnMQY0" />
56-->src\main\AndroidManifest.xml:41:13-68
57        <!-- Needs to be explicitly declared on P+ -->
58        <uses-library
58-->[com.google.android.gms:play-services-maps:17.0.0] AndroidManifest.xml:33:9-35:40
59            android:name="org.apache.http.legacy"
59-->[com.google.android.gms:play-services-maps:17.0.0] AndroidManifest.xml:34:13-50
60            android:required="false" />
60-->[com.google.android.gms:play-services-maps:17.0.0] AndroidManifest.xml:35:13-37
61
62        <activity
62-->[com.google.android.gms:play-services-base:17.3.0] AndroidManifest.xml:23:9-26:75
63            android:name="com.google.android.gms.common.api.GoogleApiActivity"
63-->[com.google.android.gms:play-services-base:17.3.0] AndroidManifest.xml:24:13-79
64            android:exported="false"
64-->[com.google.android.gms:play-services-base:17.3.0] AndroidManifest.xml:25:13-37
65            android:theme="@android:style/Theme.Translucent.NoTitleBar" />
65-->[com.google.android.gms:play-services-base:17.3.0] AndroidManifest.xml:26:13-72
66
67        <meta-data
67-->[com.google.android.gms:play-services-basement:17.3.0] AndroidManifest.xml:23:9-25:69
68            android:name="com.google.android.gms.version"
68-->[com.google.android.gms:play-services-basement:17.3.0] AndroidManifest.xml:24:13-58
69            android:value="@integer/google_play_services_version" />
69-->[com.google.android.gms:play-services-basement:17.3.0] AndroidManifest.xml:25:13-66
70
71        <provider
71-->[androidx.emoji2:emoji2:1.0.0] AndroidManifest.xml:26:9-34:20
72            android:name="androidx.startup.InitializationProvider"
72-->[androidx.emoji2:emoji2:1.0.0] AndroidManifest.xml:27:13-67
73            android:authorities="com.example.tripplanner.androidx-startup"
73-->[androidx.emoji2:emoji2:1.0.0] AndroidManifest.xml:28:13-68
74            android:exported="false" >
74-->[androidx.emoji2:emoji2:1.0.0] AndroidManifest.xml:29:13-37
75            <meta-data
75-->[androidx.emoji2:emoji2:1.0.0] AndroidManifest.xml:31:13-33:52
76                android:name="androidx.emoji2.text.EmojiCompatInitializer"
76-->[androidx.emoji2:emoji2:1.0.0] AndroidManifest.xml:32:17-75
77                android:value="androidx.startup" />
77-->[androidx.emoji2:emoji2:1.0.0] AndroidManifest.xml:33:17-49
78            <meta-data
78-->[androidx.lifecycle:lifecycle-process:2.4.0] AndroidManifest.xml:31:13-33:52
79                android:name="androidx.lifecycle.ProcessLifecycleInitializer"
79-->[androidx.lifecycle:lifecycle-process:2.4.0] AndroidManifest.xml:32:17-78
80                android:value="androidx.startup" />
80-->[androidx.lifecycle:lifecycle-process:2.4.0] AndroidManifest.xml:33:17-49
81        </provider>
82    </application>
83
84</manifest>